  main.cpp
c:\users\user\desktop\자료구조\projectmanagement\2015104166_김한빈_lab03\arraylist.h(165): error C2065: 'm_nLength': 선언되지 않은 식별자입니다.
  c:\users\user\desktop\자료구조\projectmanagement\2015104166_김한빈_lab03\arraylist.h(164): note: 클래스 템플릿 멤버 함수 'ArrayList<ConferenceType>::ArrayList(void)'을(를) 컴파일하고 있습니다.
  c:\users\user\desktop\자료구조\projectmanagement\2015104166_김한빈_lab03\application.h(25): note: 컴파일 중인 함수 템플릿 인스턴스화 'ArrayList<ConferenceType>::ArrayList(void)'에 대한 참조를 확인하십시오.
  c:\users\user\desktop\자료구조\projectmanagement\2015104166_김한빈_lab03\application.h(142): note: 컴파일 중인 클래스 템플릿 인스턴스화 'ArrayList<ConferenceType>'에 대한 참조를 확인하세요.
c:\users\user\desktop\자료구조\projectmanagement\2015104166_김한빈_lab03\arraylist.h(167): error C2065: 'm_pCurPointer': 선언되지 않은 식별자입니다.
c:\users\user\desktop\자료구조\projectmanagement\2015104166_김한빈_lab03\arraylist.h(167): error C2143: 구문 오류: ';'이(가) ':' 앞에 없습니다.
c:\users\user\desktop\자료구조\projectmanagement\2015104166_김한빈_lab03\arraylist.h(167): error C2059: 구문 오류: ':'
  ConferenceType.cpp
c:\users\user\desktop\자료구조\projectmanagement\2015104166_김한빈_lab03\application.h(142): error C2143: 구문 오류: ';'이(가) '<' 앞에 없습니다.
c:\users\user\desktop\자료구조\projectmanagement\2015104166_김한빈_lab03\application.h(142): error C4430: 형식 지정자가 없습니다. int로 가정합니다. 참고: C++에서는 기본 int를 지원하지 않습니다.
c:\users\user\desktop\자료구조\projectmanagement\2015104166_김한빈_lab03\application.h(142): error C2238: ';' 앞에 예기치 않은 토큰이 있습니다.
  Application.cpp
c:\users\user\desktop\자료구조\projectmanagement\2015104166_김한빈_lab03\arraylist.h(165): error C2065: 'm_nLength': 선언되지 않은 식별자입니다.
  c:\users\user\desktop\자료구조\projectmanagement\2015104166_김한빈_lab03\arraylist.h(164): note: 클래스 템플릿 멤버 함수 'ArrayList<ConferenceType>::ArrayList(void)'을(를) 컴파일하고 있습니다.
  c:\users\user\desktop\자료구조\projectmanagement\2015104166_김한빈_lab03\application.h(25): note: 컴파일 중인 함수 템플릿 인스턴스화 'ArrayList<ConferenceType>::ArrayList(void)'에 대한 참조를 확인하십시오.
  c:\users\user\desktop\자료구조\projectmanagement\2015104166_김한빈_lab03\application.h(142): note: 컴파일 중인 클래스 템플릿 인스턴스화 'ArrayList<ConferenceType>'에 대한 참조를 확인하세요.
c:\users\user\desktop\자료구조\projectmanagement\2015104166_김한빈_lab03\arraylist.h(167): error C2065: 'm_pCurPointer': 선언되지 않은 식별자입니다.
c:\users\user\desktop\자료구조\projectmanagement\2015104166_김한빈_lab03\arraylist.h(167): error C2143: 구문 오류: ';'이(가) ':' 앞에 없습니다.
c:\users\user\desktop\자료구조\projectmanagement\2015104166_김한빈_lab03\arraylist.h(167): error C2059: 구문 오류: ':'
c:\users\user\desktop\자료구조\projectmanagement\2015104166_김한빈_lab03\arraylist.h(233): error C2679: 이항 '=': 오른쪽 피연산자로 'overloaded-function' 형식을 사용하는 연산자가 없거나 허용되는 변환이 없습니다.
  c:\users\user\desktop\자료구조\projectmanagement\2015104166_김한빈_lab03\conferencetype.h(304): note: 'ConferenceType &ConferenceType::operator =(const ConferenceType &)'일 수 있습니다.
  c:\users\user\desktop\자료구조\projectmanagement\2015104166_김한빈_lab03\arraylist.h(233): note: 인수 목록 '(ConferenceType, overloaded-function)'을(를) 일치시키는 동안
  c:\users\user\desktop\자료구조\projectmanagement\2015104166_김한빈_lab03\arraylist.h(224): note: 클래스 템플릿 멤버 함수 'int ArrayList<ConferenceType>::Add(T)'을(를) 컴파일하고 있습니다.
          with
          [
              T=ConferenceType
          ]
  c:\users\user\desktop\자료구조\projectmanagement\2015104166_김한빈_lab03\application.cpp(84): note: 컴파일 중인 함수 템플릿 인스턴스화 'int ArrayList<ConferenceType>::Add(T)'에 대한 참조를 확인하십시오.
          with
          [
              T=ConferenceType
          ]
c:\users\user\desktop\자료구조\projectmanagement\2015104166_김한빈_lab03\arraylist.h(237): error C2065: 'm_nLength': 선언되지 않은 식별자입니다.
c:\users\user\desktop\자료구조\projectmanagement\2015104166_김한빈_lab03\arraylist.h(248): error C2065: 'm_pCurPointer': 선언되지 않은 식별자입니다.
c:\users\user\desktop\자료구조\projectmanagement\2015104166_김한빈_lab03\arraylist.h(253): error C2065: 'm_pCurPointer': 선언되지 않은 식별자입니다.
c:\users\user\desktop\자료구조\projectmanagement\2015104166_김한빈_lab03\arraylist.h(253): error C2227: '->item' 왼쪽은 클래스/구조체/공용 구조체/제네릭 형식을 가리켜야 합니다.
  c:\users\user\desktop\자료구조\projectmanagement\2015104166_김한빈_lab03\arraylist.h(253): note: 'unknown-type' 형식입니다.
c:\users\user\desktop\자료구조\projectmanagement\2015104166_김한빈_lab03\arraylist.h(257): error C2065: 'm_pCurPointer': 선언되지 않은 식별자입니다.
c:\users\user\desktop\자료구조\projectmanagement\2015104166_김한빈_lab03\arraylist.h(261): error C2065: 'm_pCurPointer': 선언되지 않은 식별자입니다.
c:\users\user\desktop\자료구조\projectmanagement\2015104166_김한빈_lab03\arraylist.h(267): error C2065: 'm_pCurPointer': 선언되지 않은 식별자입니다.
c:\users\user\desktop\자료구조\projectmanagement\2015104166_김한빈_lab03\arraylist.h(267): error C2227: '->next' 왼쪽은 클래스/구조체/공용 구조체/제네릭 형식을 가리켜야 합니다.
  c:\users\user\desktop\자료구조\projectmanagement\2015104166_김한빈_lab03\arraylist.h(267): note: 'unknown-type' 형식입니다.
c:\users\user\desktop\자료구조\projectmanagement\2015104166_김한빈_lab03\arraylist.h(270): error C2065: 'm_pCurPointer': 선언되지 않은 식별자입니다.
c:\users\user\desktop\자료구조\projectmanagement\2015104166_김한빈_lab03\arraylist.h(270): error C2227: '->next' 왼쪽은 클래스/구조체/공용 구조체/제네릭 형식을 가리켜야 합니다.
  c:\users\user\desktop\자료구조\projectmanagement\2015104166_김한빈_lab03\arraylist.h(270): note: 'unknown-type' 형식입니다.
c:\users\user\desktop\자료구조\projectmanagement\2015104166_김한빈_lab03\arraylist.h(276): error C2065: 'm_nLength': 선언되지 않은 식별자입니다.
c:\users\user\desktop\자료구조\projectmanagement\2015104166_김한빈_lab03\arraylist.h(286): error C2065: 'm_pCurPointer': 선언되지 않은 식별자입니다.
  c:\users\user\desktop\자료구조\projectmanagement\2015104166_김한빈_lab03\arraylist.h(284): note: 클래스 템플릿 멤버 함수 'void ArrayList<ConferenceType>::ResetList(void)'을(를) 컴파일하고 있습니다.
  c:\users\user\desktop\자료구조\projectmanagement\2015104166_김한빈_lab03\application.cpp(102): note: 컴파일 중인 함수 템플릿 인스턴스화 'void ArrayList<ConferenceType>::ResetList(void)'에 대한 참조를 확인하십시오.
c:\users\user\desktop\자료구조\projectmanagement\2015104166_김한빈_lab03\arraylist.h(295): error C2065: 'm_pCurPointer': 선언되지 않은 식별자입니다.
  c:\users\user\desktop\자료구조\projectmanagement\2015104166_김한빈_lab03\arraylist.h(293): note: 클래스 템플릿 멤버 함수 'void ArrayList<ConferenceType>::GetNextItem(T &)'을(를) 컴파일하고 있습니다.
          with
          [
              T=ConferenceType
          ]
  c:\users\user\desktop\자료구조\projectmanagement\2015104166_김한빈_lab03\application.cpp(106): note: 컴파일 중인 함수 템플릿 인스턴스화 'void ArrayList<ConferenceType>::GetNextItem(T &)'에 대한 참조를 확인하십시오.
          with
          [
              T=ConferenceType
          ]
c:\users\user\desktop\자료구조\projectmanagement\2015104166_김한빈_lab03\arraylist.h(297): error C2065: 'm_pCurPointer': 선언되지 않은 식별자입니다.
c:\users\user\desktop\자료구조\projectmanagement\2015104166_김한빈_lab03\arraylist.h(301): error C2065: 'm_pCurPointer': 선언되지 않은 식별자입니다.
c:\users\user\desktop\자료구조\projectmanagement\2015104166_김한빈_lab03\arraylist.h(301): error C2227: '->next' 왼쪽은 클래스/구조체/공용 구조체/제네릭 형식을 가리켜야 합니다.
  c:\users\user\desktop\자료구조\projectmanagement\2015104166_김한빈_lab03\arraylist.h(301): note: 'unknown-type' 형식입니다.
c:\users\user\desktop\자료구조\projectmanagement\2015104166_김한빈_lab03\arraylist.h(304): error C2065: 'm_pCurPointer': 선언되지 않은 식별자입니다.
c:\users\user\desktop\자료구조\projectmanagement\2015104166_김한빈_lab03\arraylist.h(304): error C2227: '->data' 왼쪽은 클래스/구조체/공용 구조체/제네릭 형식을 가리켜야 합니다.
  c:\users\user\desktop\자료구조\projectmanagement\2015104166_김한빈_lab03\arraylist.h(304): note: 'unknown-type' 형식입니다.
c:\users\user\desktop\자료구조\projectmanagement\2015104166_김한빈_lab03\arraylist.h(344): error C2065: 'm_pCurPointer': 선언되지 않은 식별자입니다.
  c:\users\user\desktop\자료구조\projectmanagement\2015104166_김한빈_lab03\arraylist.h(340): note: 클래스 템플릿 멤버 함수 'int ArrayList<ConferenceType>::Delete(T)'을(를) 컴파일하고 있습니다.
          with
          [
              T=ConferenceType
          ]
  c:\users\user\desktop\자료구조\projectmanagement\2015104166_김한빈_lab03\application.cpp(209): note: 컴파일 중인 함수 템플릿 인스턴스화 'int ArrayList<ConferenceType>::Delete(T)'에 대한 참조를 확인하십시오.
          with
          [
              T=ConferenceType
          ]
c:\users\user\desktop\자료구조\projectmanagement\2015104166_김한빈_lab03\arraylist.h(346): error C2065: 'm_pCurPointer': 선언되지 않은 식별자입니다.
c:\users\user\desktop\자료구조\projectmanagement\2015104166_김한빈_lab03\arraylist.h(350): error C2065: 'm_pCurPointer': 선언되지 않은 식별자입니다.
c:\users\user\desktop\자료구조\projectmanagement\2015104166_김한빈_lab03\arraylist.h(350): error C2227: '->data' 왼쪽은 클래스/구조체/공용 구조체/제네릭 형식을 가리켜야 합니다.
  c:\users\user\desktop\자료구조\projectmanagement\2015104166_김한빈_lab03\arraylist.h(350): note: 'unknown-type' 형식입니다.
c:\users\user\desktop\자료구조\projectmanagement\2015104166_김한빈_lab03\arraylist.h(354): error C2065: 'm_pCurPointer': 선언되지 않은 식별자입니다.
c:\users\user\desktop\자료구조\projectmanagement\2015104166_김한빈_lab03\arraylist.h(354): error C2227: '->next' 왼쪽은 클래스/구조체/공용 구조체/제네릭 형식을 가리켜야 합니다.
  c:\users\user\desktop\자료구조\projectmanagement\2015104166_김한빈_lab03\arraylist.h(354): note: 'unknown-type' 형식입니다.
c:\users\user\desktop\자료구조\projectmanagement\2015104166_김한빈_lab03\arraylist.h(357): error C2065: 'm_pCurPointer': 선언되지 않은 식별자입니다.
c:\users\user\desktop\자료구조\projectmanagement\2015104166_김한빈_lab03\arraylist.h(357): error C2227: '->next' 왼쪽은 클래스/구조체/공용 구조체/제네릭 형식을 가리켜야 합니다.
  c:\users\user\desktop\자료구조\projectmanagement\2015104166_김한빈_lab03\arraylist.h(357): note: 'unknown-type' 형식입니다.
c:\users\user\desktop\자료구조\projectmanagement\2015104166_김한빈_lab03\arraylist.h(358): error C2065: 'm_pCurPointer': 선언되지 않은 식별자입니다.
c:\users\user\desktop\자료구조\projectmanagement\2015104166_김한빈_lab03\arraylist.h(358): error C2541: 'delete': 포인터가 아닌 개체를 삭제할 수 없습니다.
c:\users\user\desktop\자료구조\projectmanagement\2015104166_김한빈_lab03\arraylist.h(360): error C2065: 'm_nLength': 선언되지 않은 식별자입니다.
c:\users\user\desktop\자료구조\projectmanagement\2015104166_김한빈_lab03\arraylist.h(364): error C2065: 'm_pCurPointer': 선언되지 않은 식별자입니다.
c:\users\user\desktop\자료구조\projectmanagement\2015104166_김한빈_lab03\arraylist.h(365): error C2065: 'm_pCurPointer': 선언되지 않은 식별자입니다.
c:\users\user\desktop\자료구조\projectmanagement\2015104166_김한빈_lab03\arraylist.h(365): error C2227: '->next' 왼쪽은 클래스/구조체/공용 구조체/제네릭 형식을 가리켜야 합니다.
  c:\users\user\desktop\자료구조\projectmanagement\2015104166_김한빈_lab03\arraylist.h(365): note: 'unknown-type' 형식입니다.
c:\users\user\desktop\자료구조\projectmanagement\2015104166_김한빈_lab03\arraylist.h(366): error C2065: 'm_pCurPointer': 선언되지 않은 식별자입니다.
c:\users\user\desktop\자료구조\projectmanagement\2015104166_김한빈_lab03\arraylist.h(388): error C2678: 이항 '==': 왼쪽 피연산자로 'ConferenceType' 형식을 사용하는 연산자가 없거나 허용되는 변환이 없습니다.
  c:\program files (x86)\microsoft visual studio\2017\community\vc\tools\msvc\14.12.25827\include\system_error(374): note: 'bool std::operator ==(const std::error_condition &,const std::error_condition &) noexcept'일 수 있습니다.
  c:\program files (x86)\microsoft visual studio\2017\community\vc\tools\msvc\14.12.25827\include\system_error(368): note: 또는       'bool std::operator ==(const std::error_condition &,const std::error_code &) noexcept'
  c:\program files (x86)\microsoft visual studio\2017\community\vc\tools\msvc\14.12.25827\include\system_error(362): note: 또는       'bool std::operator ==(const std::error_code &,const std::error_condition &) noexcept'
  c:\program files (x86)\microsoft visual studio\2017\community\vc\tools\msvc\14.12.25827\include\system_error(356): note: 또는       'bool std::operator ==(const std::error_code &,const std::error_code &) noexcept'
  c:\program files (x86)\microsoft visual studio\2017\community\vc\tools\msvc\14.12.25827\include\exception(329): note: 또는       'bool std::operator ==(const std::exception_ptr &,std::nullptr_t) noexcept'
  c:\program files (x86)\microsoft visual studio\2017\community\vc\tools\msvc\14.12.25827\include\exception(324): note: 또는       'bool std::operator ==(std::nullptr_t,const std::exception_ptr &) noexcept'
  c:\program files (x86)\microsoft visual studio\2017\community\vc\tools\msvc\14.12.25827\include\exception(319): note: 또는       'bool std::operator ==(const std::exception_ptr &,const std::exception_ptr &) noexcept'
  c:\users\user\desktop\자료구조\projectmanagement\2015104166_김한빈_lab03\arraylist.h(388): note: 인수 목록 '(ConferenceType, ConferenceType)'을(를) 일치시키는 동안
  c:\users\user\desktop\자료구조\projectmanagement\2015104166_김한빈_lab03\arraylist.h(378): note: 클래스 템플릿 멤버 함수 'int ArrayList<ConferenceType>::Replace(T)'을(를) 컴파일하고 있습니다.
          with
          [
              T=ConferenceType
          ]
  c:\users\user\desktop\자료구조\projectmanagement\2015104166_김한빈_lab03\application.cpp(231): note: 컴파일 중인 함수 템플릿 인스턴스화 'int ArrayList<ConferenceType>::Replace(T)'에 대한 참조를 확인하십시오.
          with
          [
              T=ConferenceType
          ]
c:\users\user\desktop\자료구조\projectmanagement\2015104166_김한빈_lab03\arraylist.h(448): error C2065: 'm_Array': 선언되지 않은 식별자입니다.
  c:\users\user\desktop\자료구조\projectmanagement\2015104166_김한빈_lab03\arraylist.h(436): note: 클래스 템플릿 멤버 함수 'int ArrayList<ConferenceType>::GetByName(T)'을(를) 컴파일하고 있습니다.
          with
          [
              T=ConferenceType
          ]
  c:\users\user\desktop\자료구조\projectmanagement\2015104166_김한빈_lab03\application.cpp(250): note: 컴파일 중인 함수 템플릿 인스턴스화 'int ArrayList<ConferenceType>::GetByName(T)'에 대한 참조를 확인하십시오.
          with
          [
              T=ConferenceType
          ]
c:\users\user\desktop\자료구조\projectmanagement\2015104166_김한빈_lab03\arraylist.h(448): error C2228: '.GetName' 왼쪽에는 클래스/구조체/공용 구조체가 있어야 합니다.
c:\users\user\desktop\자료구조\projectmanagement\2015104166_김한빈_lab03\arraylist.h(450): error C2065: 'm_Array': 선언되지 않은 식별자입니다.
  코드를 생성하고 있습니다...
